2022-04-21 20:01:41,863   Desc        = PyTorch Implementation of MixMatch
2022-04-21 20:01:41,863   Task        = CIFAR10@1000
2022-04-21 20:01:41,867   Model       = WideResNet 28x2
2022-04-21 20:01:41,867   large model = False
2022-04-21 20:01:41,871   Batch size  = 64
2022-04-21 20:01:41,871   Epoch       = 1024
2022-04-21 20:01:41,871   Optim       = ADAM
2022-04-21 20:01:41,875   lambda_u    = 75
2022-04-21 20:01:41,875   alpha       = 0.75
2022-04-21 20:01:41,875   T           = 0.5
2022-04-21 20:01:41,875   K           = 2
2022-04-21 20:01:41,959   Total params: 1.47M
2022-04-21 20:01:41,959   Sampling seed : 3114
2022-04-21 20:57:45,921  Epoch [0/1024], iter: 1024. loss: 1.5591. loss_x: 1.5587. loss_u: 0.0091. weight : 0.0732. Time: 3362.91
2022-04-21 20:58:22,277   [ VAL ] Epoch:0. Top1: 54.8655. Top5: 93.2951. Loss: 1.3269.
2022-04-21 20:58:22,277   [ EMA ] Epoch:0. Top1: 56.0324. Top5: 93.7896. Loss: 1.3053.
2022-04-21 20:58:22,341   Best saving ... 
2022-04-21 20:58:22,374   EMA Best saving ... 
2022-04-21 21:39:58,587  Epoch [1/1024], iter: 1024. loss: 1.3540. loss_x: 1.3531. loss_u: 0.0107. weight : 0.1464. Time: 5895.57
2022-04-21 21:40:35,021   [ VAL ] Epoch:1. Top1: 59.3354. Top5: 93.2160. Loss: 1.2416.
2022-04-21 21:40:35,022   [ EMA ] Epoch:1. Top1: 65.7239. Top5: 96.0245. Loss: 1.0366.
2022-04-21 21:40:35,062   Best saving ... 
2022-04-21 21:40:35,092   EMA Best saving ... 
2022-04-21 22:21:41,660  Epoch [2/1024], iter: 1024. loss: 1.2276. loss_x: 1.2263. loss_u: 0.0111. weight : 0.2197. Time: 8398.64
2022-04-21 22:22:20,349   [ VAL ] Epoch:2. Top1: 56.5467. Top5: 93.5522. Loss: 1.3204.
2022-04-21 22:22:20,349   [ EMA ] Epoch:2. Top1: 69.2247. Top5: 96.3014. Loss: 0.9609.
2022-04-21 22:22:20,427   EMA Best saving ... 
